<?xml version="1.0" encoding="UTF-8"?>
<!-- Generated by org.testng.reporters.JUnitXMLReporter -->
<testsuite ignored="0" hostname="DESKTOP-6FIB2UL" failures="0" tests="1" name="ChromeTest" time="0.061" errors="0" timestamp="2025-10-15T12:55:50 CEST">
  <testcase classname="automationCore.TestNGBase" name="@BeforeMethod initilizeBrowser" time="0.009">
    <failure type="java.io.FileNotFoundException" message="C:\Users\mathe\git\GroceryShopping\GroceryShoppingsrc\main\resources\config.properties (The system cannot find the path specified)">
      <![CDATA[java.io.FileNotFoundException: C:\Users\mathe\git\GroceryShopping\GroceryShoppingsrc\main\resources\config.properties (The system cannot find the path specified)
at java.base/java.io.FileInputStream.open0(Native Method)
at java.base/java.io.FileInputStream.open(FileInputStream.java:213)
at java.base/java.io.FileInputStream.<init>(FileInputStream.java:152)
at java.base/java.io.FileInputStream.<init>(FileInputStream.java:106)
at automationCore.TestNGBase.initilizeBrowser(TestNGBase.java:32)
at java.base/java.util.ArrayList.forEach(ArrayList.java:1596)
... Removed 29 stack frames]]>
    </failure>
  </testcase> <!-- @BeforeMethod initilizeBrowser -->
  <testcase classname="testScripts.HomeTest" name="verifyLogout" time="0.0">
    <skipped/>
  </testcase> <!-- verifyLogout -->
</testsuite> <!-- ChromeTest -->
